<?xml version="1.0" encoding="UTF-8"?>
<!-- Generated by org.testng.reporters.JUnitReportReporter -->
<testsuite skipped="0" hostname="Administrators-MacBook-Pro.local" name="demo.test.KeywordDrivenTest" tests="1"
           failures="0" timestamp="25 Nov 2018 06:52:16 GMT" time="7.358" errors="0">
    <testcase name="keywordTest" time="7.358" classname="demo.test.KeywordDrivenTest"/>
</testsuite> <!-- demo.test.KeywordDrivenTest -->
