<?xml version="1.0" encoding="UTF-8"?>
<!-- Generated by org.testng.reporters.JUnitReportReporter -->
<testsuite skipped="0" hostname="Administrators-MacBook-Pro.local"
           name="com.sgic.automation.demo.test.KeywordDrivenTest" tests="1" failures="0"
           timestamp="26 Nov 2018 03:28:37 GMT" time="7.365" errors="0">
    <testcase name="keywordTest" time="7.365" classname="com.sgic.automation.demo.test.KeywordDrivenTest"/>
</testsuite> <!-- com.sgic.automation.demo.test.KeywordDrivenTest -->
